android/app/build/intermediates/manifest_merge_blame_file/debug/processDebugMainManifest/manifest-merger-blame-debug-report.txt
1<?xml version="1.0" encoding="utf-8"?>
2<manifest xmlns:android="http://schemas.android.com/apk/res/android"
3    package="com.unimarket.app"
4    android:versionCode="1"
5    android:versionName="1.0" >
6
7    <uses-sdk
8        android:minSdkVersion="24"
9        android:targetSdkVersion="36" />
10
11    <!-- Permissions -->
12    <uses-permission android:name="android.permission.INTERNET" />
12-->src/main/AndroidManifest.xml:42:5-67
12-->src/main/AndroidManifest.xml:42:22-64
13    <uses-permission android:name="android.permission.ACCESS_NETWORK_STATE" />
13-->src/main/AndroidManifest.xml:43:5-79
13-->src/main/AndroidManifest.xml:43:22-76
14
15    <!-- Camera Permissions -->
16    <uses-permission android:name="android.permission.CAMERA" />
16-->src/main/AndroidManifest.xml:46:5-65
16-->src/main/AndroidManifest.xml:46:22-62
17
18    <uses-feature
18-->src/main/AndroidManifest.xml:47:5-85
19        android:name="android.hardware.camera"
19-->src/main/AndroidManifest.xml:47:19-57
20        android:required="false" />
20-->src/main/AndroidManifest.xml:47:58-82
21    <uses-feature
21-->src/main/AndroidManifest.xml:48:5-95
22        android:name="android.hardware.camera.autofocus"
22-->src/main/AndroidManifest.xml:48:19-67
23        android:required="false" />
23-->src/main/AndroidManifest.xml:48:68-92
24
25    <!-- Storage Permissions -->
26    <uses-permission
26-->src/main/AndroidManifest.xml:51:5-107
27        android:name="android.permission.READ_EXTERNAL_STORAGE"
27-->src/main/AndroidManifest.xml:51:22-77
28        android:maxSdkVersion="32" />
28-->src/main/AndroidManifest.xml:51:78-104
29    <uses-permission
29-->src/main/AndroidManifest.xml:52:5-108
30        android:name="android.permission.WRITE_EXTERNAL_STORAGE"
30-->src/main/AndroidManifest.xml:52:22-78
31        android:maxSdkVersion="28" />
31-->src/main/AndroidManifest.xml:52:79-105
32    <uses-permission android:name="android.permission.READ_MEDIA_IMAGES" />
32-->src/main/AndroidManifest.xml:53:5-76
32-->src/main/AndroidManifest.xml:53:22-73
33    <uses-permission android:name="android.permission.READ_MEDIA_VIDEO" />
33-->src/main/AndroidManifest.xml:54:5-75
33-->src/main/AndroidManifest.xml:54:22-72
34
35    <!-- Location Permissions (for campus-based features) -->
36    <uses-permission android:name="android.permission.ACCESS_COARSE_LOCATION" />
36-->src/main/AndroidManifest.xml:57:5-81
36-->src/main/AndroidManifest.xml:57:22-78
37    <uses-permission android:name="android.permission.ACCESS_FINE_LOCATION" />
37-->src/main/AndroidManifest.xml:58:5-79
37-->src/main/AndroidManifest.xml:58:22-76
38
39    <uses-feature
39-->src/main/AndroidManifest.xml:59:5-87
40        android:name="android.hardware.location"
40-->src/main/AndroidManifest.xml:59:19-59
41        android:required="false" />
41-->src/main/AndroidManifest.xml:59:60-84
42    <uses-feature
42-->src/main/AndroidManifest.xml:60:5-91
43        android:name="android.hardware.location.gps"
43-->src/main/AndroidManifest.xml:60:19-63
44        android:required="false" />
44-->src/main/AndroidManifest.xml:60:64-88
45
46    <!-- Push Notifications -->
47    <uses-permission android:name="android.permission.POST_NOTIFICATIONS" />
47-->src/main/AndroidManifest.xml:63:5-77
47-->src/main/AndroidManifest.xml:63:22-74
48    <uses-permission android:name="android.permission.VIBRATE" />
48-->src/main/AndroidManifest.xml:64:5-66
48-->src/main/AndroidManifest.xml:64:22-63
49
50    <!-- Wake Lock for notifications -->
51    <uses-permission android:name="android.permission.WAKE_LOCK" />
51-->src/main/AndroidManifest.xml:67:5-68
51-->src/main/AndroidManifest.xml:67:22-65
52
53    <!-- Foreground Service (for background tasks) -->
54    <uses-permission android:name="android.permission.FOREGROUND_SERVICE" />
54-->src/main/AndroidManifest.xml:70:5-77
54-->src/main/AndroidManifest.xml:70:22-74
55
56    <queries>
56-->[:capacitor-browser] AndroidManifest.xml:7:5-11:15
57        <intent>
57-->[:capacitor-browser] AndroidManifest.xml:8:9-10:18
58            <action android:name="android.support.customtabs.action.CustomTabsService" />
58-->[:capacitor-browser] AndroidManifest.xml:9:13-90
58-->[:capacitor-browser] AndroidManifest.xml:9:21-87
59        </intent>
60        <intent>
60-->[:capacitor-camera] AndroidManifest.xml:8:9-10:18
61            <action android:name="android.media.action.IMAGE_CAPTURE" />
61-->[:capacitor-camera] AndroidManifest.xml:9:13-73
61-->[:capacitor-camera] AndroidManifest.xml:9:21-70
62        </intent>
63        <intent>
63-->[:capacitor-camera] AndroidManifest.xml:11:9-13:18
64            <action android:name="android.intent.action.GET_CONTENT" />
64-->[:capacitor-camera] AndroidManifest.xml:12:13-72
64-->[:capacitor-camera] AndroidManifest.xml:12:21-69
65        </intent>
66        <intent>
66-->[:capacitor-camera] AndroidManifest.xml:14:9-16:18
67            <action android:name="android.intent.action.PICK" />
67-->[:capacitor-camera] AndroidManifest.xml:15:13-65
67-->[:capacitor-camera] AndroidManifest.xml:15:21-62
68        </intent>
69    </queries>
70
71    <uses-permission android:name="android.permission.RECEIVE_BOOT_COMPLETED" /> <!-- Required by older versions of Google Play services to create IID tokens -->
71-->[:capacitor-local-notifications] AndroidManifest.xml:7:5-81
71-->[:capacitor-local-notifications] AndroidManifest.xml:7:22-78
72    <uses-permission android:name="com.google.android.c2dm.permission.RECEIVE" />
72-->[com.google.firebase:firebase-messaging:25.0.1] AndroidManifest.xml:26:5-82
72-->[com.google.firebase:firebase-messaging:25.0.1] AndroidManifest.xml:26:22-79
73
74    <permission
74-->[androidx.core:core:1.17.0] AndroidManifest.xml:22:5-24:47
75        android:name="com.unimarket.app.DYNAMIC_RECEIVER_NOT_EXPORTED_PERMISSION"
75-->[androidx.core:core:1.17.0] AndroidManifest.xml:23:9-81
76        android:protectionLevel="signature" />
76-->[androidx.core:core:1.17.0] AndroidManifest.xml:24:9-44
77
78    <uses-permission android:name="com.unimarket.app.DYNAMIC_RECEIVER_NOT_EXPORTED_PERMISSION" />
78-->[androidx.core:core:1.17.0] AndroidManifest.xml:26:5-97
78-->[androidx.core:core:1.17.0] AndroidManifest.xml:26:22-94
79
80    <application
80-->src/main/AndroidManifest.xml:4:5-39:19
81        android:allowBackup="true"
81-->src/main/AndroidManifest.xml:5:9-35
82        android:appComponentFactory="androidx.core.app.CoreComponentFactory"
82-->[androidx.core:core:1.17.0] AndroidManifest.xml:28:18-86
83        android:debuggable="true"
84        android:extractNativeLibs="false"
85        android:icon="@mipmap/ic_launcher"
85-->src/main/AndroidManifest.xml:6:9-43
86        android:label="@string/app_name"
86-->src/main/AndroidManifest.xml:7:9-41
87        android:networkSecurityConfig="@xml/network_security_config"
87-->src/main/AndroidManifest.xml:12:9-69
88        android:requestLegacyExternalStorage="true"
88-->[io.ionic.libs:ioncamera-android:1.0.1] AndroidManifest.xml:8:18-61
89        android:roundIcon="@mipmap/ic_launcher_round"
89-->src/main/AndroidManifest.xml:8:9-54
90        android:supportsRtl="true"
90-->src/main/AndroidManifest.xml:9:9-35
91        android:testOnly="true"
92        android:theme="@style/AppTheme"
92-->src/main/AndroidManifest.xml:10:9-40
93        android:usesCleartextTraffic="false" >
93-->src/main/AndroidManifest.xml:11:9-45
94        <activity
94-->src/main/AndroidManifest.xml:14:9-28:20
95            android:name="com.unimarket.app.MainActivity"
95-->src/main/AndroidManifest.xml:16:13-41
96            android:configChanges="orientation|keyboardHidden|keyboard|screenSize|locale|smallestScreenSize|screenLayout|uiMode|navigation|density"
96-->src/main/AndroidManifest.xml:15:13-148
97            android:exported="true"
97-->src/main/AndroidManifest.xml:20:13-36
98            android:label="@string/title_activity_main"
98-->src/main/AndroidManifest.xml:17:13-56
99            android:launchMode="singleTask"
99-->src/main/AndroidManifest.xml:19:13-44
100            android:theme="@style/AppTheme.NoActionBarLaunch"
100-->src/main/AndroidManifest.xml:18:13-62
101            android:windowSoftInputMode="adjustResize" >
101-->src/main/AndroidManifest.xml:21:13-55
102            <intent-filter>
102-->src/main/AndroidManifest.xml:23:13-26:29
103                <action android:name="android.intent.action.MAIN" />
103-->src/main/AndroidManifest.xml:24:17-69
103-->src/main/AndroidManifest.xml:24:25-66
104
105                <category android:name="android.intent.category.LAUNCHER" />
105-->src/main/AndroidManifest.xml:25:17-77
105-->src/main/AndroidManifest.xml:25:27-74
106            </intent-filter>
107        </activity>
108
109        <provider
110            android:name="androidx.core.content.FileProvider"
110-->src/main/AndroidManifest.xml:31:13-62
111            android:authorities="com.unimarket.app.fileprovider"
111-->src/main/AndroidManifest.xml:32:13-64
112            android:exported="false"
112-->src/main/AndroidManifest.xml:33:13-37
113            android:grantUriPermissions="true" >
113-->src/main/AndroidManifest.xml:34:13-47
114            <meta-data
114-->src/main/AndroidManifest.xml:35:13-37:64
115                android:name="android.support.FILE_PROVIDER_PATHS"
115-->src/main/AndroidManifest.xml:36:17-67
116                android:resource="@xml/file_paths" />
116-->src/main/AndroidManifest.xml:37:17-51
117        </provider>
118
119        <activity
119-->[:capacitor-browser] AndroidManifest.xml:14:9-18:75
120            android:name="com.capacitorjs.plugins.browser.BrowserControllerActivity"
120-->[:capacitor-browser] AndroidManifest.xml:15:13-85
121            android:exported="false"
121-->[:capacitor-browser] AndroidManifest.xml:16:13-37
122            android:launchMode="singleTask"
122-->[:capacitor-browser] AndroidManifest.xml:17:13-44
123            android:theme="@android:style/Theme.Translucent.NoTitleBar" />
123-->[:capacitor-browser] AndroidManifest.xml:18:13-72
124
125        <receiver android:name="com.capacitorjs.plugins.localnotifications.TimedNotificationPublisher" />
125-->[:capacitor-local-notifications] AndroidManifest.xml:12:9-106
125-->[:capacitor-local-notifications] AndroidManifest.xml:12:19-103
126        <receiver android:name="com.capacitorjs.plugins.localnotifications.NotificationDismissReceiver" />
126-->[:capacitor-local-notifications] AndroidManifest.xml:13:9-107
126-->[:capacitor-local-notifications] AndroidManifest.xml:13:19-104
127        <receiver
127-->[:capacitor-local-notifications] AndroidManifest.xml:14:9-23:20
128            android:name="com.capacitorjs.plugins.localnotifications.LocalNotificationRestoreReceiver"
128-->[:capacitor-local-notifications] AndroidManifest.xml:15:13-103
129            android:directBootAware="true"
129-->[:capacitor-local-notifications] AndroidManifest.xml:16:13-43
130            android:exported="false" >
130-->[:capacitor-local-notifications] AndroidManifest.xml:17:13-37
131            <intent-filter>
131-->[:capacitor-local-notifications] AndroidManifest.xml:18:13-22:29
132                <action android:name="android.intent.action.LOCKED_BOOT_COMPLETED" />
132-->[:capacitor-local-notifications] AndroidManifest.xml:19:17-86
132-->[:capacitor-local-notifications] AndroidManifest.xml:19:25-83
133                <action android:name="android.intent.action.BOOT_COMPLETED" />
133-->[:capacitor-local-notifications] AndroidManifest.xml:20:17-79
133-->[:capacitor-local-notifications] AndroidManifest.xml:20:25-76
134                <action android:name="android.intent.action.QUICKBOOT_POWERON" />
134-->[:capacitor-local-notifications] AndroidManifest.xml:21:17-82
134-->[:capacitor-local-notifications] AndroidManifest.xml:21:25-79
135            </intent-filter>
136        </receiver>
137
138        <service
138-->[:capacitor-push-notifications] AndroidManifest.xml:8:9-14:19
139            android:name="com.capacitorjs.plugins.pushnotifications.MessagingService"
139-->[:capacitor-push-notifications] AndroidManifest.xml:9:13-86
140            android:exported="false" >
140-->[:capacitor-push-notifications] AndroidManifest.xml:10:13-37
141            <intent-filter>
141-->[:capacitor-push-notifications] AndroidManifest.xml:11:13-13:29
142                <action android:name="com.google.firebase.MESSAGING_EVENT" />
142-->[:capacitor-push-notifications] AndroidManifest.xml:12:17-78
142-->[:capacitor-push-notifications] AndroidManifest.xml:12:25-75
143            </intent-filter>
144        </service>
145
146        <activity
146-->[io.ionic.libs:ioncamera-android:1.0.1] AndroidManifest.xml:9:9-11:86
147            android:name="io.ionic.libs.ioncameralib.view.IONCAMRLoadingActivity"
147-->[io.ionic.libs:ioncamera-android:1.0.1] AndroidManifest.xml:10:13-82
148            android:theme="@android:style/Theme.Translucent.NoTitleBar.Fullscreen" />
148-->[io.ionic.libs:ioncamera-android:1.0.1] AndroidManifest.xml:11:13-83
149        <activity
149-->[io.ionic.libs:ioncamera-android:1.0.1] AndroidManifest.xml:12:9-16:36
150            android:name="io.ionic.libs.ioncameralib.view.IONCAMRImageEditorActivity"
150-->[io.ionic.libs:ioncamera-android:1.0.1] AndroidManifest.xml:13:13-86
151            android:enableOnBackInvokedCallback="true"
151-->[io.ionic.libs:ioncamera-android:1.0.1] AndroidManifest.xml:14:13-55
152            android:theme="@android:style/Theme.Black.NoTitleBar" />
152-->[io.ionic.libs:ioncamera-android:1.0.1] AndroidManifest.xml:15:13-66
153        <activity
153-->[io.ionic.libs:ioncamera-android:1.0.1] AndroidManifest.xml:17:9-20:86
154            android:name="io.ionic.libs.ioncameralib.view.IONCAMROpenPhotoPickerActivity"
154-->[io.ionic.libs:ioncamera-android:1.0.1] AndroidManifest.xml:18:13-90
155            android:exported="false"
155-->[io.ionic.libs:ioncamera-android:1.0.1] AndroidManifest.xml:19:13-37
156            android:theme="@android:style/Theme.Translucent.NoTitleBar.Fullscreen" /> <!-- Trigger Google Play services to install the backported photo picker module. -->
156-->[io.ionic.libs:ioncamera-android:1.0.1] AndroidManifest.xml:20:13-83
157        <service
157-->[io.ionic.libs:ioncamera-android:1.0.1] AndroidManifest.xml:22:9-34:19
158            android:name="com.google.android.gms.metadata.ModuleDependencies"
158-->[io.ionic.libs:ioncamera-android:1.0.1] AndroidManifest.xml:23:13-78
159            android:enabled="false"
159-->[io.ionic.libs:ioncamera-android:1.0.1] AndroidManifest.xml:24:13-36
160            android:exported="false" >
160-->[io.ionic.libs:ioncamera-android:1.0.1] AndroidManifest.xml:25:13-37
161            <intent-filter>
161-->[io.ionic.libs:ioncamera-android:1.0.1] AndroidManifest.xml:27:13-29:29
162                <action android:name="com.google.android.gms.metadata.MODULE_DEPENDENCIES" />
162-->[io.ionic.libs:ioncamera-android:1.0.1] AndroidManifest.xml:28:17-94
162-->[io.ionic.libs:ioncamera-android:1.0.1] AndroidManifest.xml:28:25-91
163            </intent-filter>
164
165            <meta-data
165-->[io.ionic.libs:ioncamera-android:1.0.1] AndroidManifest.xml:31:13-33:36
166                android:name="photopicker_activity:0:required"
166-->[io.ionic.libs:ioncamera-android:1.0.1] AndroidManifest.xml:32:17-63
167                android:value="" />
167-->[io.ionic.libs:ioncamera-android:1.0.1] AndroidManifest.xml:33:17-33
168        </service>
169
170        <provider
170-->[io.ionic.libs:ioncamera-android:1.0.1] AndroidManifest.xml:36:9-44:20
171            android:name="io.ionic.libs.ioncameralib.IONCAMRFileProvider"
171-->[io.ionic.libs:ioncamera-android:1.0.1] AndroidManifest.xml:37:13-74
172            android:authorities="com.unimarket.app.camera.provider"
172-->[io.ionic.libs:ioncamera-android:1.0.1] AndroidManifest.xml:38:13-67
173            android:exported="false"
173-->[io.ionic.libs:ioncamera-android:1.0.1] AndroidManifest.xml:39:13-37
174            android:grantUriPermissions="true" >
174-->[io.ionic.libs:ioncamera-android:1.0.1] AndroidManifest.xml:40:13-47
175            <meta-data
175-->src/main/AndroidManifest.xml:35:13-37:64
176                android:name="android.support.FILE_PROVIDER_PATHS"
176-->src/main/AndroidManifest.xml:36:17-67
177                android:resource="@xml/ioncamera_paths" />
177-->src/main/AndroidManifest.xml:37:17-51
178        </provider>
179
180        <receiver
180-->[com.google.firebase:firebase-messaging:25.0.1] AndroidManifest.xml:29:9-40:20
181            android:name="com.google.firebase.iid.FirebaseInstanceIdReceiver"
181-->[com.google.firebase:firebase-messaging:25.0.1] AndroidManifest.xml:30:13-78
182            android:exported="true"
182-->[com.google.firebase:firebase-messaging:25.0.1] AndroidManifest.xml:31:13-36
183            android:permission="com.google.android.c2dm.permission.SEND" >
183-->[com.google.firebase:firebase-messaging:25.0.1] AndroidManifest.xml:32:13-73
184            <intent-filter>
184-->[com.google.firebase:firebase-messaging:25.0.1] AndroidManifest.xml:33:13-35:29
185                <action android:name="com.google.android.c2dm.intent.RECEIVE" />
185-->[com.google.firebase:firebase-messaging:25.0.1] AndroidManifest.xml:34:17-81
185-->[com.google.firebase:firebase-messaging:25.0.1] AndroidManifest.xml:34:25-78
186            </intent-filter>
187
188            <meta-data
188-->[com.google.firebase:firebase-messaging:25.0.1] AndroidManifest.xml:37:13-39:40
189                android:name="com.google.android.gms.cloudmessaging.FINISHED_AFTER_HANDLED"
189-->[com.google.firebase:firebase-messaging:25.0.1] AndroidManifest.xml:38:17-92
190                android:value="true" />
190-->[com.google.firebase:firebase-messaging:25.0.1] AndroidManifest.xml:39:17-37
191        </receiver>
192        <!--
193             FirebaseMessagingService performs security checks at runtime,
194             but set to not exported to explicitly avoid allowing another app to call it.
195        -->
196        <service
196-->[com.google.firebase:firebase-messaging:25.0.1] AndroidManifest.xml:46:9-53:19
197            android:name="com.google.firebase.messaging.FirebaseMessagingService"
197-->[com.google.firebase:firebase-messaging:25.0.1] AndroidManifest.xml:47:13-82
198            android:directBootAware="true"
198-->[com.google.firebase:firebase-messaging:25.0.1] AndroidManifest.xml:48:13-43
199            android:exported="false" >
199-->[com.google.firebase:firebase-messaging:25.0.1] AndroidManifest.xml:49:13-37
200            <intent-filter android:priority="-500" >
200-->[:capacitor-push-notifications] AndroidManifest.xml:11:13-13:29
201                <action android:name="com.google.firebase.MESSAGING_EVENT" />
201-->[:capacitor-push-notifications] AndroidManifest.xml:12:17-78
201-->[:capacitor-push-notifications] AndroidManifest.xml:12:25-75
202            </intent-filter>
203        </service>
204        <service
204-->[com.google.firebase:firebase-messaging:25.0.1] AndroidManifest.xml:54:9-63:19
205            android:name="com.google.firebase.components.ComponentDiscoveryService"
205-->[com.google.firebase:firebase-messaging:25.0.1] AndroidManifest.xml:55:13-84
206            android:directBootAware="true"
206-->[com.google.firebase:firebase-common:22.0.1] AndroidManifest.xml:32:13-43
207            android:exported="false" >
207-->[com.google.firebase:firebase-messaging:25.0.1] AndroidManifest.xml:56:13-37
208            <meta-data
208-->[com.google.firebase:firebase-messaging:25.0.1] AndroidManifest.xml:57:13-59:85
209                android:name="com.google.firebase.components:com.google.firebase.messaging.FirebaseMessagingKtxRegistrar"
209-->[com.google.firebase:firebase-messaging:25.0.1] AndroidManifest.xml:58:17-122
210                android:value="com.google.firebase.components.ComponentRegistrar" />
210-->[com.google.firebase:firebase-messaging:25.0.1] AndroidManifest.xml:59:17-82
211            <meta-data
211-->[com.google.firebase:firebase-messaging:25.0.1] AndroidManifest.xml:60:13-62:85
212                android:name="com.google.firebase.components:com.google.firebase.messaging.FirebaseMessagingRegistrar"
212-->[com.google.firebase:firebase-messaging:25.0.1] AndroidManifest.xml:61:17-119
213                android:value="com.google.firebase.components.ComponentRegistrar" />
213-->[com.google.firebase:firebase-messaging:25.0.1] AndroidManifest.xml:62:17-82
214            <meta-data
214-->[com.google.firebase:firebase-installations:18.0.0] AndroidManifest.xml:15:13-17:85
215                android:name="com.google.firebase.components:com.google.firebase.installations.FirebaseInstallationsKtxRegistrar"
215-->[com.google.firebase:firebase-installations:18.0.0] AndroidManifest.xml:16:17-130
216                android:value="com.google.firebase.components.ComponentRegistrar" />
216-->[com.google.firebase:firebase-installations:18.0.0] AndroidManifest.xml:17:17-82
217            <meta-data
217-->[com.google.firebase:firebase-installations:18.0.0] AndroidManifest.xml:18:13-20:85
218                android:name="com.google.firebase.components:com.google.firebase.installations.FirebaseInstallationsRegistrar"
218-->[com.google.firebase:firebase-installations:18.0.0] AndroidManifest.xml:19:17-127
219                android:value="com.google.firebase.components.ComponentRegistrar" />
219-->[com.google.firebase:firebase-installations:18.0.0] AndroidManifest.xml:20:17-82
220            <meta-data
220-->[com.google.firebase:firebase-common:22.0.1] AndroidManifest.xml:35:13-37:85
221                android:name="com.google.firebase.components:com.google.firebase.FirebaseCommonKtxRegistrar"
221-->[com.google.firebase:firebase-common:22.0.1] AndroidManifest.xml:36:17-109
222                android:value="com.google.firebase.components.ComponentRegistrar" />
222-->[com.google.firebase:firebase-common:22.0.1] AndroidManifest.xml:37:17-82
223            <meta-data
223-->[com.google.firebase:firebase-datatransport:18.2.0] AndroidManifest.xml:25:13-27:85
224                android:name="com.google.firebase.components:com.google.firebase.datatransport.TransportRegistrar"
224-->[com.google.firebase:firebase-datatransport:18.2.0] AndroidManifest.xml:26:17-115
225                android:value="com.google.firebase.components.ComponentRegistrar" />
225-->[com.google.firebase:firebase-datatransport:18.2.0] AndroidManifest.xml:27:17-82
226        </service>
227
228        <activity
228-->[com.google.android.gms:play-services-base:18.1.0] AndroidManifest.xml:20:9-22:45
229            android:name="com.google.android.gms.common.api.GoogleApiActivity"
229-->[com.google.android.gms:play-services-base:18.1.0] AndroidManifest.xml:20:19-85
230            android:exported="false"
230-->[com.google.android.gms:play-services-base:18.1.0] AndroidManifest.xml:22:19-43
231            android:theme="@android:style/Theme.Translucent.NoTitleBar" />
231-->[com.google.android.gms:play-services-base:18.1.0] AndroidManifest.xml:21:19-78
232
233        <provider
233-->[com.google.firebase:firebase-common:22.0.1] AndroidManifest.xml:23:9-28:39
234            android:name="com.google.firebase.provider.FirebaseInitProvider"
234-->[com.google.firebase:firebase-common:22.0.1] AndroidManifest.xml:24:13-77
235            android:authorities="com.unimarket.app.firebaseinitprovider"
235-->[com.google.firebase:firebase-common:22.0.1] AndroidManifest.xml:25:13-72
236            android:directBootAware="true"
236-->[com.google.firebase:firebase-common:22.0.1] AndroidManifest.xml:26:13-43
237            android:exported="false"
237-->[com.google.firebase:firebase-common:22.0.1] AndroidManifest.xml:27:13-37
238            android:initOrder="100" />
238-->[com.google.firebase:firebase-common:22.0.1] AndroidManifest.xml:28:13-36
239        <provider
239-->[androidx.emoji2:emoji2:1.3.0] AndroidManifest.xml:24:9-32:20
240            android:name="androidx.startup.InitializationProvider"
240-->[androidx.emoji2:emoji2:1.3.0] AndroidManifest.xml:25:13-67
241            android:authorities="com.unimarket.app.androidx-startup"
241-->[androidx.emoji2:emoji2:1.3.0] AndroidManifest.xml:26:13-68
242            android:exported="false" >
242-->[androidx.emoji2:emoji2:1.3.0] AndroidManifest.xml:27:13-37
243            <meta-data
243-->[androidx.emoji2:emoji2:1.3.0] AndroidManifest.xml:29:13-31:52
244                android:name="androidx.emoji2.text.EmojiCompatInitializer"
244-->[androidx.emoji2:emoji2:1.3.0] AndroidManifest.xml:30:17-75
245                android:value="androidx.startup" />
245-->[androidx.emoji2:emoji2:1.3.0] AndroidManifest.xml:31:17-49
246            <meta-data
246-->[androidx.lifecycle:lifecycle-process:2.6.2] AndroidManifest.xml:29:13-31:52
247                android:name="androidx.lifecycle.ProcessLifecycleInitializer"
247-->[androidx.lifecycle:lifecycle-process:2.6.2] AndroidManifest.xml:30:17-78
248                android:value="androidx.startup" />
248-->[androidx.lifecycle:lifecycle-process:2.6.2] AndroidManifest.xml:31:17-49
249            <meta-data
249-->[androidx.profileinstaller:profileinstaller:1.4.0] AndroidManifest.xml:29:13-31:52
250                android:name="androidx.profileinstaller.ProfileInstallerInitializer"
250-->[androidx.profileinstaller:profileinstaller:1.4.0] AndroidManifest.xml:30:17-85
251                android:value="androidx.startup" />
251-->[androidx.profileinstaller:profileinstaller:1.4.0] AndroidManifest.xml:31:17-49
252        </provider>
253        <!--
254        Service for holding metadata. Cannot be instantiated.
255        Metadata will be merged from other manifests.
256        -->
257        <service
257-->[androidx.camera:camera-core:1.4.2] AndroidManifest.xml:29:9-33:78
258            android:name="androidx.camera.core.impl.MetadataHolderService"
258-->[androidx.camera:camera-core:1.4.2] AndroidManifest.xml:30:13-75
259            android:enabled="false"
259-->[androidx.camera:camera-core:1.4.2] AndroidManifest.xml:31:13-36
260            android:exported="false" />
260-->[androidx.camera:camera-core:1.4.2] AndroidManifest.xml:32:13-37
261
262        <meta-data
262-->[com.google.android.gms:play-services-basement:18.3.0] AndroidManifest.xml:21:9-23:69
263            android:name="com.google.android.gms.version"
263-->[com.google.android.gms:play-services-basement:18.3.0] AndroidManifest.xml:22:13-58
264            android:value="@integer/google_play_services_version" />
264-->[com.google.android.gms:play-services-basement:18.3.0] AndroidManifest.xml:23:13-66
265
266        <receiver
266-->[androidx.profileinstaller:profileinstaller:1.4.0] AndroidManifest.xml:34:9-52:20
267            android:name="androidx.profileinstaller.ProfileInstallReceiver"
267-->[androidx.profileinstaller:profileinstaller:1.4.0] AndroidManifest.xml:35:13-76
268            android:directBootAware="false"
268-->[androidx.profileinstaller:profileinstaller:1.4.0] AndroidManifest.xml:36:13-44
269            android:enabled="true"
269-->[androidx.profileinstaller:profileinstaller:1.4.0] AndroidManifest.xml:37:13-35
270            android:exported="true"
270-->[androidx.profileinstaller:profileinstaller:1.4.0] AndroidManifest.xml:38:13-36
271            android:permission="android.permission.DUMP" >
271-->[androidx.profileinstaller:profileinstaller:1.4.0] AndroidManifest.xml:39:13-57
272            <intent-filter>
272-->[androidx.profileinstaller:profileinstaller:1.4.0] AndroidManifest.xml:40:13-42:29
273                <action android:name="androidx.profileinstaller.action.INSTALL_PROFILE" />
273-->[androidx.profileinstaller:profileinstaller:1.4.0] AndroidManifest.xml:41:17-91
273-->[androidx.profileinstaller:profileinstaller:1.4.0] AndroidManifest.xml:41:25-88
274            </intent-filter>
275            <intent-filter>
275-->[androidx.profileinstaller:profileinstaller:1.4.0] AndroidManifest.xml:43:13-45:29
276                <action android:name="androidx.profileinstaller.action.SKIP_FILE" />
276-->[androidx.profileinstaller:profileinstaller:1.4.0] AndroidManifest.xml:44:17-85
276-->[androidx.profileinstaller:profileinstaller:1.4.0] AndroidManifest.xml:44:25-82
277            </intent-filter>
278            <intent-filter>
278-->[androidx.profileinstaller:profileinstaller:1.4.0] AndroidManifest.xml:46:13-48:29
279                <action android:name="androidx.profileinstaller.action.SAVE_PROFILE" />
279-->[androidx.profileinstaller:profileinstaller:1.4.0] AndroidManifest.xml:47:17-88
279-->[androidx.profileinstaller:profileinstaller:1.4.0] AndroidManifest.xml:47:25-85
280            </intent-filter>
281            <intent-filter>
281-->[androidx.profileinstaller:profileinstaller:1.4.0] AndroidManifest.xml:49:13-51:29
282                <action android:name="androidx.profileinstaller.action.BENCHMARK_OPERATION" />
282-->[androidx.profileinstaller:profileinstaller:1.4.0] AndroidManifest.xml:50:17-95
282-->[androidx.profileinstaller:profileinstaller:1.4.0] AndroidManifest.xml:50:25-92
283            </intent-filter>
284        </receiver>
285
286        <service
286-->[com.google.android.datatransport:transport-backend-cct:3.1.9] AndroidManifest.xml:28:9-34:19
287            android:name="com.google.android.datatransport.runtime.backends.TransportBackendDiscovery"
287-->[com.google.android.datatransport:transport-backend-cct:3.1.9] AndroidManifest.xml:29:13-103
288            android:exported="false" >
288-->[com.google.android.datatransport:transport-backend-cct:3.1.9] AndroidManifest.xml:30:13-37
289            <meta-data
289-->[com.google.android.datatransport:transport-backend-cct:3.1.9] AndroidManifest.xml:31:13-33:39
290                android:name="backend:com.google.android.datatransport.cct.CctBackendFactory"
290-->[com.google.android.datatransport:transport-backend-cct:3.1.9] AndroidManifest.xml:32:17-94
291                android:value="cct" />
291-->[com.google.android.datatransport:transport-backend-cct:3.1.9] AndroidManifest.xml:33:17-36
292        </service>
293        <service